<?xml version="1.0" encoding="utf-8"?>
<testsuite package="org.checkstyle" time="0" tests="9" errors="1" name="checkstyle">
<testcase time="0" name="controller/App.java" classname="CheckStyle Issues">
</testcase><testcase time="0" name="controller/SolarSystemController.java" classname="CheckStyle Issues">
</testcase><testcase time="0" name="controller/SolarSystemCreator.java" classname="CheckStyle Issues">
</testcase><testcase time="0" name="model/Moon.java" classname="CheckStyle Issues">
</testcase><testcase time="0" name="model/Planet.java" classname="CheckStyle Issues">
</testcase><testcase time="0" name="model/SolarSystem.java" classname="CheckStyle Issues">
</testcase><testcase time="0" name="model/Sun.java" classname="CheckStyle Issues">
</testcase><testcase time="0" name="view/ISolarsystemView.java" classname="CheckStyle Issues">
<failure message="issues" ><![CDATA[line: 8 column: column:18 
Abbreviation in name 'ISolarsystemView' must contain no more than '1' 
  consecutive capital letters.
----------------
]]></failure>
</testcase><testcase time="0" name="view/SolarSystemView.java" classname="CheckStyle Issues">
</testcase></testsuite>