<?xml version="1.0" encoding="utf-8"?>
<testsuite package="org.spotbugs" time="0" tests="18" errors="1" name="findbugs">
<testcase time="0" name="model/Time.java" classname="FindBugs Issues">
</testcase><testcase time="0" name="dao/ItemDao.java" classname="FindBugs Issues">
</testcase><testcase time="0" name="model/Contract.java" classname="FindBugs Issues">
</testcase><testcase time="0" name="view/ContractView.java" classname="FindBugs Issues">
</testcase><testcase time="0" name="view/ItemUi.java" classname="FindBugs Issues">
</testcase><testcase time="0" name="controller/MainController.java" classname="FindBugs Issues">
</testcase><testcase time="0" name="model/MemberList.java" classname="FindBugs Issues">
</testcase><testcase time="0" name="controller/MemberController.java" classname="FindBugs Issues">
</testcase><testcase time="0" name="dao/MemberDao.java" classname="FindBugs Issues">
</testcase><testcase time="0" name="model/Member.java" classname="FindBugs Issues">
</testcase><testcase time="0" name="view/MainUi.java" classname="FindBugs Issues">
</testcase><testcase time="0" name="controller/App.java" classname="FindBugs Issues">
</testcase><testcase time="0" name="controller/ContractController.java" classname="FindBugs Issues">
</testcase><testcase time="0" name="model/Item.java" classname="FindBugs Issues">
</testcase><testcase time="0" name="model/MembersItemList.java" classname="FindBugs Issues">
</testcase><testcase time="0" name="controller/ItemController.java" classname="FindBugs Issues">
<failure message="issues" ><![CDATA[lines: 217-220 
categories must be non-null but is marked as nullable 
Parameter must be non-null but is marked as nullable 
This parameter is always used in a way that requires it to be non-null, but 
  the parameter is explicitly annotated as being Nullable. Either the use 
  of the parameter or the annotation is wrong.
----------------
]]></failure>
</testcase><testcase time="0" name="view/MemberView.java" classname="FindBugs Issues">
</testcase><testcase time="0" name="dao/Dao.java" classname="FindBugs Issues">
</testcase></testsuite>