<?xml version="1.0" encoding="utf-8"?>
<testsuite package="org.spotbugs" time="0" tests="8" errors="1" name="findbugs">
<testcase time="0" name="controller/App.java" classname="FindBugs Issues">
</testcase><testcase time="0" name="model/Planet.java" classname="FindBugs Issues">
</testcase><testcase time="0" name="model/Moon.java" classname="FindBugs Issues">
</testcase><testcase time="0" name="model/SolarSystem.java" classname="FindBugs Issues">
</testcase><testcase time="0" name="model/Sun.java" classname="FindBugs Issues">
</testcase><testcase time="0" name="view/ISolarsystemView.java" classname="FindBugs Issues">
</testcase><testcase time="0" name="view/SolarSystemView.java" classname="FindBugs Issues">
</testcase><testcase time="0" name="controller/SolarSystemController.java" classname="FindBugs Issues">
<failure message="issues" ><![CDATA[lines: 12-160 
new controller.SolarSystemController(SolarSystemView) may expose internal 
  representation by storing an externally mutable object into 
  SolarSystemController.view 
May expose internal representation by incorporating reference to mutable 
  object 
This code stores a reference to an externally mutable object into the 
  internal representation of the object. If instances are accessed by 
  untrusted code, and unchecked changes to the mutable object would 
  compromise security or other important properties, you will need to do 
  something different. Storing a copy of the object is better approach in 
  many situations.
----------------
]]></failure>
</testcase></testsuite>