<?xml version="1.0" encoding="utf-8"?>
<testsuite package="org.spotbugs" time="0" tests="9" errors="0" name="findbugs">
<testcase time="0" name="controller/App.java" classname="FindBugs Issues">
</testcase><testcase time="0" name="model/Planet.java" classname="FindBugs Issues">
</testcase><testcase time="0" name="model/Moon.java" classname="FindBugs Issues">
</testcase><testcase time="0" name="model/SolarSystem.java" classname="FindBugs Issues">
</testcase><testcase time="0" name="controller/SolarSystemCreator.java" classname="FindBugs Issues">
</testcase><testcase time="0" name="model/Sun.java" classname="FindBugs Issues">
</testcase><testcase time="0" name="view/ISolarsystemView.java" classname="FindBugs Issues">
</testcase><testcase time="0" name="view/SolarSystemView.java" classname="FindBugs Issues">
</testcase><testcase time="0" name="controller/SolarSystemController.java" classname="FindBugs Issues">
</testcase></testsuite>