<?xml version="1.0" encoding="UTF-8"?>
<testsuite name="CodeQualityTests" tests="1" skipped="0" failures="0" errors="0" timestamp="2023-02-23T12:24:20" hostname="INTUNE-MASTER" time="0.087">
  <properties/>
  <testcase name="codeQuality()" classname="CodeQualityTests" time="0.087"/>
  <system-out><![CDATA[0 CheckStyle Issues in C:/Users/miranda/Documents/Java/new a2/a2/app/src/main/java/controller/App.java
0 CheckStyle Issues in C:/Users/miranda/Documents/Java/new a2/a2/app/src/main/java/controller/LendingClub.java
0 CheckStyle Issues in C:/Users/miranda/Documents/Java/new a2/a2/app/src/main/java/controller/Member.java
0 CheckStyle Issues in C:/Users/miranda/Documents/Java/new a2/a2/app/src/main/java/model/Contract.java
0 CheckStyle Issues in C:/Users/miranda/Documents/Java/new a2/a2/app/src/main/java/model/ContractList.java
0 CheckStyle Issues in C:/Users/miranda/Documents/Java/new a2/a2/app/src/main/java/model/Item.java
0 CheckStyle Issues in C:/Users/miranda/Documents/Java/new a2/a2/app/src/main/java/model/LendingClubDao.java
0 CheckStyle Issues in C:/Users/miranda/Documents/Java/new a2/a2/app/src/main/java/model/LendingClubDaoImp.java
0 CheckStyle Issues in C:/Users/miranda/Documents/Java/new a2/a2/app/src/main/java/model/Member.java
0 CheckStyle Issues in C:/Users/miranda/Documents/Java/new a2/a2/app/src/main/java/model/MemberList.java
0 CheckStyle Issues in C:/Users/miranda/Documents/Java/new a2/a2/app/src/main/java/model/MembersItemList.java
0 CheckStyle Issues in C:/Users/miranda/Documents/Java/new a2/a2/app/src/main/java/model/Time.java
2 CheckStyle Issues in C:/Users/miranda/Documents/Java/new a2/a2/app/src/main/java/view/EnglishItemView.java
text:line: 34 column: column:7 
Distance between variable 'name' declaration and its first usage is 5, but allowed 3.  Consider 
  making that variable final if you still need to store its value in advance (before method calls 
  that might have side effects on the original value).

text:line: 36 column: column:7 
Distance between variable 'description' declaration and its first usage is 4, but allowed 3.  
  Consider making that variable final if you still need to store its value in advance (before method 
  calls that might have side effects on the original value).

0 CheckStyle Issues in C:/Users/miranda/Documents/Java/new a2/a2/app/src/main/java/view/EnglishMemberView.java
0 CheckStyle Issues in C:/Users/miranda/Documents/Java/new a2/a2/app/src/main/java/view/EnglishView.java
0 CheckStyle Issues in C:/Users/miranda/Documents/Java/new a2/a2/app/src/main/java/view/ItemView.java
0 CheckStyle Issues in C:/Users/miranda/Documents/Java/new a2/a2/app/src/main/java/view/MemberView.java
2 CheckStyle Issues in C:/Users/miranda/Documents/Java/new a2/a2/app/src/main/java/view/SwedishItemView.java
text:line: 25 column: column:7 
Distance between variable 'name' declaration and its first usage is 5, but allowed 3.  Consider 
  making that variable final if you still need to store its value in advance (before method calls 
  that might have side effects on the original value).

text:line: 27 column: column:7 
Distance between variable 'description' declaration and its first usage is 4, but allowed 3.  
  Consider making that variable final if you still need to store its value in advance (before method 
  calls that might have side effects on the original value).

0 CheckStyle Issues in C:/Users/miranda/Documents/Java/new a2/a2/app/src/main/java/view/SwedishMemberView.java
0 CheckStyle Issues in C:/Users/miranda/Documents/Java/new a2/a2/app/src/main/java/view/SwedishView.java
0 CheckStyle Issues in C:/Users/miranda/Documents/Java/new a2/a2/app/src/main/java/view/View.java
0 FindBugs Issues in model/Time.java
0 FindBugs Issues in view/SwedishView.java
0 FindBugs Issues in model/Contract.java
0 FindBugs Issues in model/ContractList.java
0 FindBugs Issues in model/LendingClubDao.java
0 FindBugs Issues in view/EnglishItemView.java
0 FindBugs Issues in model/LendingClubDaoImp.java
0 FindBugs Issues in model/MemberList.java
0 FindBugs Issues in controller/Member.java
0 FindBugs Issues in model/Member.java
0 FindBugs Issues in view/ItemView.java
0 FindBugs Issues in controller/App.java
0 FindBugs Issues in view/View.java
0 FindBugs Issues in view/EnglishMemberView.java
0 FindBugs Issues in view/EnglishView.java
0 FindBugs Issues in view/SwedishItemView.java
0 FindBugs Issues in model/Item.java
0 FindBugs Issues in model/MembersItemList.java
0 FindBugs Issues in view/SwedishMemberView.java
0 FindBugs Issues in controller/LendingClub.java
0 FindBugs Issues in view/MemberView.java
]]></system-out>
  <system-err><![CDATA[]]></system-err>
</testsuite>
