<?xml version="1.0" encoding="UTF-8"?>
<testsuite name="CodeQualityTests" tests="1" skipped="0" failures="0" errors="0" timestamp="2023-08-20T12:41:36" hostname="DESKTOP-KTRK0FO" time="0.069">
  <properties/>
  <testcase name="codeQuality()" classname="CodeQualityTests" time="0.069"/>
  <system-out><![CDATA[0 CheckStyle Issues in C:/Users/Greattech/Documents/Skola/Java/Assignment/Solarsystem/a2/app/src/main/java/controller/App.java
0 CheckStyle Issues in C:/Users/Greattech/Documents/Skola/Java/Assignment/Solarsystem/a2/app/src/main/java/controller/SolarSystemController.java
0 CheckStyle Issues in C:/Users/Greattech/Documents/Skola/Java/Assignment/Solarsystem/a2/app/src/main/java/controller/SolarSystemCreator.java
0 CheckStyle Issues in C:/Users/Greattech/Documents/Skola/Java/Assignment/Solarsystem/a2/app/src/main/java/model/Moon.java
0 CheckStyle Issues in C:/Users/Greattech/Documents/Skola/Java/Assignment/Solarsystem/a2/app/src/main/java/model/Planet.java
0 CheckStyle Issues in C:/Users/Greattech/Documents/Skola/Java/Assignment/Solarsystem/a2/app/src/main/java/model/SolarSystem.java
0 CheckStyle Issues in C:/Users/Greattech/Documents/Skola/Java/Assignment/Solarsystem/a2/app/src/main/java/model/Sun.java
1 CheckStyle Issues in C:/Users/Greattech/Documents/Skola/Java/Assignment/Solarsystem/a2/app/src/main/java/view/ISolarsystemView.java
text:line: 8 column: column:18 
Abbreviation in name 'ISolarsystemView' must contain no more than '1' consecutive capital letters.

0 CheckStyle Issues in C:/Users/Greattech/Documents/Skola/Java/Assignment/Solarsystem/a2/app/src/main/java/view/SolarSystemView.java
0 FindBugs Issues in controller/App.java
0 FindBugs Issues in model/Planet.java
0 FindBugs Issues in model/Moon.java
0 FindBugs Issues in model/SolarSystem.java
0 FindBugs Issues in controller/SolarSystemCreator.java
0 FindBugs Issues in model/Sun.java
0 FindBugs Issues in view/ISolarsystemView.java
0 FindBugs Issues in view/SolarSystemView.java
0 FindBugs Issues in controller/SolarSystemController.java
]]></system-out>
  <system-err><![CDATA[]]></system-err>
</testsuite>
