<?xml version="1.0" encoding="UTF-8"?>
<testsuite name="CodeQualityTests" tests="1" skipped="0" failures="0" errors="0" timestamp="2022-10-10T15:01:59" hostname="INTUNE-MASTER" time="0.088">
  <properties/>
  <testcase name="codeQuality()" classname="CodeQualityTests" time="0.088"/>
  <system-out><![CDATA[0 CheckStyle Issues in C:/Users/miranda/Documents/Java/a2/app/src/main/java/controller/App.java
0 CheckStyle Issues in C:/Users/miranda/Documents/Java/a2/app/src/main/java/controller/ContractController.java
0 CheckStyle Issues in C:/Users/miranda/Documents/Java/a2/app/src/main/java/controller/ItemController.java
0 CheckStyle Issues in C:/Users/miranda/Documents/Java/a2/app/src/main/java/controller/MainController.java
0 CheckStyle Issues in C:/Users/miranda/Documents/Java/a2/app/src/main/java/controller/MemberController.java
0 CheckStyle Issues in C:/Users/miranda/Documents/Java/a2/app/src/main/java/dao/Dao.java
0 CheckStyle Issues in C:/Users/miranda/Documents/Java/a2/app/src/main/java/dao/ItemDao.java
0 CheckStyle Issues in C:/Users/miranda/Documents/Java/a2/app/src/main/java/dao/MemberDao.java
0 CheckStyle Issues in C:/Users/miranda/Documents/Java/a2/app/src/main/java/model/Contract.java
0 CheckStyle Issues in C:/Users/miranda/Documents/Java/a2/app/src/main/java/model/Item.java
0 CheckStyle Issues in C:/Users/miranda/Documents/Java/a2/app/src/main/java/model/Member.java
0 CheckStyle Issues in C:/Users/miranda/Documents/Java/a2/app/src/main/java/model/MemberList.java
0 CheckStyle Issues in C:/Users/miranda/Documents/Java/a2/app/src/main/java/model/MembersItemList.java
0 CheckStyle Issues in C:/Users/miranda/Documents/Java/a2/app/src/main/java/model/Time.java
0 CheckStyle Issues in C:/Users/miranda/Documents/Java/a2/app/src/main/java/view/ContractView.java
2 CheckStyle Issues in C:/Users/miranda/Documents/Java/a2/app/src/main/java/view/ItemUi.java
text:line: 73 column: column:5 
Distance between variable 'category' declaration and its first usage is 5, but allowed 3.  Consider 
  making that variable final if you still need to store its value in advance (before method calls 
  that might have side effects on the original value).

text:line: 75 column: column:5 
Distance between variable 'name' declaration and its first usage is 4, but allowed 3.  Consider 
  making that variable final if you still need to store its value in advance (before method calls 
  that might have side effects on the original value).

0 CheckStyle Issues in C:/Users/miranda/Documents/Java/a2/app/src/main/java/view/MainUi.java
0 CheckStyle Issues in C:/Users/miranda/Documents/Java/a2/app/src/main/java/view/MemberView.java
0 FindBugs Issues in model/Time.java
0 FindBugs Issues in dao/ItemDao.java
0 FindBugs Issues in model/Contract.java
0 FindBugs Issues in view/ContractView.java
0 FindBugs Issues in view/ItemUi.java
0 FindBugs Issues in controller/MainController.java
0 FindBugs Issues in model/MemberList.java
0 FindBugs Issues in controller/MemberController.java
0 FindBugs Issues in dao/MemberDao.java
0 FindBugs Issues in model/Member.java
0 FindBugs Issues in view/MainUi.java
0 FindBugs Issues in controller/App.java
0 FindBugs Issues in controller/ContractController.java
0 FindBugs Issues in model/Item.java
0 FindBugs Issues in model/MembersItemList.java
1 FindBugs Issues in controller/ItemController.java
text:lines: 217-220 
categories must be non-null but is marked as nullable 
Parameter must be non-null but is marked as nullable 
This parameter is always used in a way that requires it to be non-null, but the parameter is 
  explicitly annotated as being Nullable. Either the use of the parameter or the annotation is 
  wrong.

0 FindBugs Issues in view/MemberView.java
0 FindBugs Issues in dao/Dao.java
]]></system-out>
  <system-err><![CDATA[]]></system-err>
</testsuite>
